<?xml version="1.0" encoding="UTF-8"?>
<!-- Generated by org.testng.reporters.JUnitReportReporter -->
<testsuite hostname="DESKTOP-G2CBKNR" failures="0" tests="1" name="com.atmosal.test.Test" time="6.581" errors="0" timestamp="2023-01-06T17:21:32 IST" skipped="0">
  <testcase classname="com.atmosal.test.Test" name="purchaseTest" time="6.581"/>
  <system-out/>
</testsuite> <!-- com.atmosal.test.Test -->
